0 info it worked if it ends with ok
1 verbose cli [ '/Users/admin/.nvm/versions/node/v8.9.4/bin/node',
1 verbose cli   '/Users/admin/.nvm/versions/node/v8.9.4/bin/npm',
1 verbose cli   'start' ]
2 info using npm@5.6.0
3 info using node@v8.9.4
4 verbose run-script [ 'prestart', 'start', 'poststart' ]
5 info lifecycle node@1.0.0~prestart: node@1.0.0
6 info lifecycle node@1.0.0~start: node@1.0.0
7 verbose lifecycle node@1.0.0~start: unsafe-perm in lifecycle true
8 verbose lifecycle node@1.0.0~start: PATH: /Users/admin/.nvm/versions/node/v8.9.4/lib/node_modules/npm/node_modules/npm-lifecycle/node-gyp-bin:/Users/admin/Desktop/NodeJs/SAM_APP/node_modules/.bin:/Users/admin/.nvm/versions/node/v8.9.4/bin:usr/local/bin/:/Users/admin/Desktop/NodeJs/yoohu/ffmpeg:/usr/local/heroku/bin:usr/local/bin/:/Users/admin/Desktop/NodeJs/yoohu/ffmpeg:/usr/local/heroku/bin:/usr/bin:/bin:/usr/sbin:/sbin:/usr/local/bin:/usr/local/git/bin:/usr/local/mongodb/bin:/Library/Java/JavaVirtualMachines/jdk1.7.0_80.jdk/Contents/Home/bin:/Library/apache-maven-3.3.9/bin:/usr/local/mongodb/bin:/Library/Java/JavaVirtualMachines/jdk1.7.0_80.jdk/Contents/Home/bin:/Library/apache-maven-3.3.9/bin:/usr/local:/usr/local/sbin
9 verbose lifecycle node@1.0.0~start: CWD: /Users/admin/Desktop/NodeJs/SAM_APP
10 silly lifecycle node@1.0.0~start: Args: [ '-c', 'node server.js' ]
11 silly lifecycle node@1.0.0~start: Returned: code: 1  signal: null
12 info lifecycle node@1.0.0~start: Failed to exec start script
13 verbose stack Error: node@1.0.0 start: `node server.js`
13 verbose stack Exit status 1
13 verbose stack     at EventEmitter.<anonymous> (/Users/admin/.nvm/versions/node/v8.9.4/lib/node_modules/npm/node_modules/npm-lifecycle/index.js:285:16)
13 verbose stack     at emitTwo (events.js:126:13)
13 verbose stack     at EventEmitter.emit (events.js:214:7)
13 verbose stack     at ChildProcess.<anonymous> (/Users/admin/.nvm/versions/node/v8.9.4/lib/node_modules/npm/node_modules/npm-lifecycle/lib/spawn.js:55:14)
13 verbose stack     at emitTwo (events.js:126:13)
13 verbose stack     at ChildProcess.emit (events.js:214:7)
13 verbose stack     at maybeClose (internal/child_process.js:925:16)
13 verbose stack     at Process.ChildProcess._handle.onexit (internal/child_process.js:209:5)
14 verbose pkgid node@1.0.0
15 verbose cwd /Users/admin/Desktop/NodeJs/SAM_APP
16 verbose Darwin 15.6.0
17 verbose argv "/Users/admin/.nvm/versions/node/v8.9.4/bin/node" "/Users/admin/.nvm/versions/node/v8.9.4/bin/npm" "start"
18 verbose node v8.9.4
19 verbose npm  v5.6.0
20 error code ELIFECYCLE
21 error errno 1
22 error node@1.0.0 start: `node server.js`
22 error Exit status 1
23 error Failed at the node@1.0.0 start script.
23 error This is probably not a problem with npm. There is likely additional logging output above.
24 verbose exit [ 1, true ]
